/home/ubuntu/src/quast-5.0.2/quast.py 100-mer-trial.fasta 110-mer-trial.fasta 120-mer-trial.fasta 25-mer-trial.fasta 35-mer-trial.fasta 45-mer-trial.fasta 55-mer-trial.fasta 65-mer-trial.fasta 75-mer-trial.fasta 85-mer-trial.fasta 95-mer-trial.fasta

Version: 5.0.2

System information:
  OS: Linux-5.3.0-1035-aws-x86_64-with-Ubuntu-18.04-bionic (linux_64)
  Python version: 2.7.17
  CPUs number: 48

Started: 2020-11-02 18:51:48

Logging to /home/ubuntu/Project-Botrylloides-448/ecoli/kmer-experiment/assemblies/quast_results/results_2020_11_02_18_51_48/quast.log
NOTICE: Maximum number of threads is set to 12 (use --threads option to set it manually)

CWD: /home/ubuntu/Project-Botrylloides-448/ecoli/kmer-experiment/assemblies
Main parameters: 
  MODE: default, threads: 12, minimum contig length: 500, minimum alignment length: 65, \
  ambiguity: one, threshold for extensive misassembly size: 1000

WARNING: Can't draw plots: python-matplotlib is missing or corrupted.

Contigs:
  Pre-processing...
  1  100-mer-trial.fasta ==> 100_mer_trial
  2  110-mer-trial.fasta ==> 110_mer_trial
  3  120-mer-trial.fasta ==> 120_mer_trial
  4  25-mer-trial.fasta ==> 25_mer_trial
  5  35-mer-trial.fasta ==> 35_mer_trial
  6  45-mer-trial.fasta ==> 45_mer_trial
  7  55-mer-trial.fasta ==> 55_mer_trial
  8  65-mer-trial.fasta ==> 65_mer_trial
  9  75-mer-trial.fasta ==> 75_mer_trial
  10 85-mer-trial.fasta ==> 85_mer_trial
  11 95-mer-trial.fasta ==> 95_mer_trial

2020-11-02 18:51:48
Running Basic statistics processor...
  Contig files: 
    1  100_mer_trial
    2  110_mer_trial
    3  120_mer_trial
    4  25_mer_trial
    5  35_mer_trial
    6  45_mer_trial
    7  55_mer_trial
    8  65_mer_trial
    9  75_mer_trial
    10 85_mer_trial
    11 95_mer_trial
  Calculating N50 and L50...
    1  100_mer_trial, N50 = 4910998, L50 = 1, Total length = 5587605, GC % = 50.63, # N's per 100 kbp =  0.00
    2  110_mer_trial, N50 = 4888348, L50 = 1, Total length = 5589365, GC % = 50.63, # N's per 100 kbp =  0.00
    3  120_mer_trial, N50 = 4911172, L50 = 1, Total length = 5591799, GC % = 50.63, # N's per 100 kbp =  0.00
    4  25_mer_trial, N50 = 5436471, L50 = 1, Total length = 5588590, GC % = 50.63, # N's per 100 kbp =  0.00
    5  35_mer_trial, N50 = 4911335, L50 = 1, Total length = 5588408, GC % = 50.63, # N's per 100 kbp =  0.00
    6  45_mer_trial, N50 = 5053828, L50 = 1, Total length = 5577426, GC % = 50.63, # N's per 100 kbp =  0.00
    7  55_mer_trial, N50 = 5230368, L50 = 1, Total length = 5586696, GC % = 50.63, # N's per 100 kbp =  0.00
    8  65_mer_trial, N50 = 5118599, L50 = 1, Total length = 5597347, GC % = 50.64, # N's per 100 kbp =  0.00
    9  75_mer_trial, N50 = 5449108, L50 = 1, Total length = 5601188, GC % = 50.65, # N's per 100 kbp =  0.00
    10 85_mer_trial, N50 = 4886356, L50 = 1, Total length = 5592766, GC % = 50.64, # N's per 100 kbp =  0.00
    11 95_mer_trial, N50 = 5452912, L50 = 1, Total length = 5608487, GC % = 50.64, # N's per 100 kbp =  0.00
Done.

NOTICE: Genes are not predicted by default. Use --gene-finding or --glimmer option to enable it.

2020-11-02 18:51:52
Creating large visual summaries...
This may take a while: press Ctrl-C to skip this step..
  1 of 1: Creating Icarus viewers...
Done

2020-11-02 18:51:52
RESULTS:
  Text versions of total report are saved to /home/ubuntu/Project-Botrylloides-448/ecoli/kmer-experiment/assemblies/quast_results/results_2020_11_02_18_51_48/report.txt, report.tsv, and report.tex
  Text versions of transposed total report are saved to /home/ubuntu/Project-Botrylloides-448/ecoli/kmer-experiment/assemblies/quast_results/results_2020_11_02_18_51_48/transposed_report.txt, transposed_report.tsv, and transposed_report.tex
  HTML version (interactive tables and plots) is saved to /home/ubuntu/Project-Botrylloides-448/ecoli/kmer-experiment/assemblies/quast_results/results_2020_11_02_18_51_48/report.html
  Icarus (contig browser) is saved to /home/ubuntu/Project-Botrylloides-448/ecoli/kmer-experiment/assemblies/quast_results/results_2020_11_02_18_51_48/icarus.html
  Log is saved to /home/ubuntu/Project-Botrylloides-448/ecoli/kmer-experiment/assemblies/quast_results/results_2020_11_02_18_51_48/quast.log

Finished: 2020-11-02 18:51:52
Elapsed time: 0:00:04.855128
NOTICEs: 2; WARNINGs: 1; non-fatal ERRORs: 0

Thank you for using QUAST!
